\BOOKMARK [0][-]{Doc-Start}{\376\377\000A\000b\000o\000u\000t}{}% 1
\BOOKMARK [0][-]{section*.1}{\376\377\000C\000o\000n\000t\000e\000n\000t\000s}{}% 2
\BOOKMARK [0][-]{chapter*.2}{\376\377\000F\000a\000c\000t\000i\000o\000n\000s}{}% 3
\BOOKMARK [1][-]{section*.3}{\376\377\000T\000h\000e\000\040\000A\000r\000b\000o\000r\000e\000c}{chapter*.2}% 4
\BOOKMARK [1][-]{section*.4}{\376\377\000T\000h\000e\000\040\000A\000r\000g\000e\000n\000t\000\040\000F\000l\000i\000g\000h\000t}{chapter*.2}% 5
\BOOKMARK [1][-]{section*.5}{\376\377\000T\000h\000e\000\040\000B\000a\000r\000o\000n\000y\000\040\000o\000f\000\040\000L\000e\000t\000n\000e\000v}{chapter*.2}% 6
\BOOKMARK [1][-]{section*.6}{\376\377\000T\000h\000e\000\040\000C\000l\000a\000n\000\040\000o\000f\000\040\000S\000a\000a\000r}{chapter*.2}% 7
\BOOKMARK [1][-]{section*.7}{\376\377\000T\000h\000e\000\040\000E\000m\000b\000e\000r\000s\000\040\000o\000f\000\040\000M\000u\000a\000a\000t}{chapter*.2}% 8
\BOOKMARK [1][-]{section*.8}{\376\377\000T\000h\000e\000\040\000E\000m\000i\000r\000a\000t\000e\000s\000\040\000o\000f\000\040\000H\000a\000c\000a\000n}{chapter*.2}% 9
\BOOKMARK [1][-]{section*.8}{\376\377\000T\000h\000e\000\040\000E\000m\000p\000y\000r\000e\000a\000n}{chapter*.2}% 10
\BOOKMARK [1][-]{section*.9}{\376\377\000T\000h\000e\000\040\000F\000e\000d\000e\000r\000a\000t\000i\000o\000n\000\040\000o\000f\000\040\000S\000o\000l}{chapter*.2}% 11
\BOOKMARK [1][-]{section*.10}{\376\377\000T\000h\000e\000\040\000G\000h\000o\000s\000t\000s\000\040\000o\000f\000\040\000C\000r\000e\000u\000s\000s}{chapter*.2}% 12
\BOOKMARK [1][-]{section*.11}{\376\377\000T\000h\000e\000\040\000L\0001\000Z\0001\000X\000\040\000M\000i\000n\000d\000n\000e\000t}{chapter*.2}% 13
\BOOKMARK [1][-]{section*.12}{\376\377\000T\000h\000e\000\040\000M\000a\000h\000a\000c\000t\000\040\000G\000e\000n\000e\000-\000S\000o\000r\000c\000e\000r\000e\000r\000s}{chapter*.2}% 14
\BOOKMARK [1][-]{section*.13}{\376\377\000T\000h\000e\000\040\000M\000e\000n\000t\000a\000k\000\040\000C\000o\000a\000l\000i\000t\000i\000o\000n}{chapter*.2}% 15
\BOOKMARK [1][-]{section*.14}{\376\377\000T\000h\000e\000\040\000N\000a\000a\000l\000u\000\040\000C\000o\000l\000l\000e\000c\000t\000i\000v\000e}{chapter*.2}% 16
\BOOKMARK [1][-]{section*.15}{\376\377\000T\000h\000e\000\040\000N\000a\000a\000z\000-\000R\000o\000k\000h\000a\000\040\000A\000l\000l\000i\000a\000n\000c\000e}{chapter*.2}% 17
\BOOKMARK [1][-]{section*.16}{\376\377\000T\000h\000e\000\040\000N\000e\000k\000r\000o\000\040\000V\000i\000r\000u\000s}{chapter*.2}% 18
\BOOKMARK [1][-]{section*.17}{\376\377\000T\000h\000e\000\040\000N\000o\000m\000a\000d}{chapter*.2}% 19
\BOOKMARK [1][-]{section*.18}{\376\377\000S\000a\000r\000d\000a\000k\000k\000\040\000N\000'\000o\000r\000r}{chapter*.2}% 20
\BOOKMARK [1][-]{section*.19}{\376\377\000T\000h\000e\000\040\000T\000i\000t\000a\000n\000s\000\040\000o\000f\000\040\000U\000l}{chapter*.2}% 21
\BOOKMARK [1][-]{section*.20}{\376\377\000T\000h\000e\000\040\000U\000n\000i\000v\000e\000r\000s\000i\000t\000i\000e\000s\000\040\000o\000f\000\040\000J\000o\000l\000-\000N\000a\000r}{chapter*.2}% 22
\BOOKMARK [1][-]{section*.21}{\376\377\000T\000h\000e\000\040\000V\000u\000i\000l\000'\000R\000a\000i\000t\000h\000\040\000C\000a\000b\000a\000l}{chapter*.2}% 23
\BOOKMARK [1][-]{section*.22}{\376\377\000T\000h\000e\000\040\000W\000i\000n\000n\000u}{chapter*.2}% 24
\BOOKMARK [1][-]{section*.23}{\376\377\000T\000h\000e\000\040\000X\000x\000c\000h\000a\000\040\000K\000i\000n\000g\000d\000o\000m\000s}{chapter*.2}% 25
\BOOKMARK [1][-]{section*.24}{\376\377\000T\000h\000e\000\040\000Y\000i\000n\000\040\000B\000r\000o\000t\000h\000e\000r\000h\000o\000o\000d}{chapter*.2}% 26
\BOOKMARK [1][-]{section*.25}{\376\377\000T\000h\000e\000\040\000Y\000s\000s\000a\000r\000i\000l\000\040\000T\000r\000i\000b\000e\000s}{chapter*.2}% 27
